2016-09-19 10:24:42,998 - runner - INFO - Starting ...
2016-09-19 10:24:42,998 - runner - INFO - Log file is /home/martin/PyCharmProjects/mhealth-analysis/log.out
2016-09-19 10:24:46,360 - runner - INFO - ... finished
2016-09-19 10:25:12,964 - runner - INFO - Starting ...
2016-09-19 10:25:12,965 - runner - INFO - Log file is /home/martin/PyCharmProjects/mhealth-analysis/log.out
2016-09-19 10:25:16,884 - runner - INFO - ... finished
2016-09-19 10:25:23,530 - runner - INFO - Starting ...
2016-09-19 10:25:23,531 - runner - INFO - Log file is /home/martin/PyCharmProjects/mhealth-analysis/log.out
2016-09-19 10:26:10,436 - runner - INFO - Starting ...
2016-09-19 10:26:10,436 - runner - INFO - Log file is /home/martin/PyCharmProjects/mhealth-analysis/log.out
2016-09-19 10:26:12,397 - runner - INFO - ... finished
2016-09-19 10:26:38,052 - runner - INFO - Starting ...
2016-09-19 10:26:38,052 - runner - INFO - Log file is /home/martin/PyCharmProjects/mhealth-analysis/log.out
2016-09-19 10:26:40,185 - runner - INFO - ... finished
2016-09-19 10:27:13,354 - runner - INFO - Starting ...
2016-09-19 10:27:13,354 - runner - INFO - Log file is /home/martin/PyCharmProjects/mhealth-analysis/log.out
2016-09-19 10:27:17,460 - runner - INFO - Starting ...
2016-09-19 10:27:17,460 - runner - INFO - Log file is /home/martin/PyCharmProjects/mhealth-analysis/log.out
2016-09-19 10:27:38,082 - runner - INFO - Starting ...
2016-09-19 10:27:38,083 - runner - INFO - Log file is /home/martin/PyCharmProjects/mhealth-analysis/log.out
2016-09-19 10:27:38,789 - runner - INFO - test
2016-09-19 10:27:39,178 - runner - INFO - test
2016-09-19 10:27:39,350 - runner - INFO - test
2016-09-19 10:27:39,485 - runner - INFO - test
2016-09-19 10:27:40,312 - runner - INFO - ... finished
2016-09-19 10:28:36,742 - runner - INFO - Starting ...
2016-09-19 10:28:36,742 - runner - INFO - Log file is /home/martin/PyCharmProjects/mhealth-analysis/log.out
2016-09-19 10:33:29,858 - runner - INFO - Starting ...
2016-09-19 10:33:29,858 - runner - INFO - Log file is /home/martin/PyCharmProjects/mhealth-analysis/log.out
2016-09-19 10:35:08,094 - runner - INFO - ... finished
2016-09-19 10:39:59,786 - runner - INFO - Starting ...
2016-09-19 10:39:59,786 - runner - INFO - Log file is /home/martin/PyCharmProjects/mhealth-analysis/log.out
2016-09-19 10:40:07,679 - runner - DEBUG - INSERT INTO experiments SET package='com.activ8rlives.mobile', device='1', time='2016-09-19 10:40:07', test_case='sol_arch' on duplicate key update package='com.activ8rlives.mobile', device='1', time='2016-09-19 10:40:07', test_case='sol_arch' ;
2016-09-19 10:40:08,739 - runner - DEBUG - INSERT INTO experiments SET package='com.activ8rlives.mobile', device='1', time='2016-09-19 10:40:07', test_case='sol_arch', comment='' on duplicate key update package='com.activ8rlives.mobile', device='1', time='2016-09-19 10:40:07', test_case='sol_arch', comment='' ;
2016-09-19 10:41:08,431 - runner - INFO - ... finished
2016-09-19 10:43:29,220 - runner - INFO - Starting ...
2016-09-19 10:43:29,221 - runner - INFO - Log file is /home/martin/PyCharmProjects/mhealth-analysis/log.out
2016-09-19 10:43:35,661 - runner - INFO - started access point
2016-09-19 10:43:39,747 - runner - INFO - Starting ...
2016-09-19 10:43:39,748 - runner - INFO - Log file is /home/martin/PyCharmProjects/mhealth-analysis/log.out
2016-09-19 10:44:19,242 - runner - INFO - Starting ...
2016-09-19 10:44:19,243 - runner - INFO - Log file is /home/martin/PyCharmProjects/mhealth-analysis/log.out
2016-09-19 10:44:27,279 - runner - INFO - Starting ...
2016-09-19 10:44:27,279 - runner - INFO - Log file is /home/martin/PyCharmProjects/mhealth-analysis/log.out
2016-09-19 10:45:19,671 - runner - INFO - Starting ...
2016-09-19 10:45:19,671 - runner - INFO - Log file is /home/martin/PyCharmProjects/mhealth-analysis/log.out
2016-09-19 10:45:33,312 - runner - INFO - Starting ...
2016-09-19 10:45:33,312 - runner - INFO - Log file is /home/martin/PyCharmProjects/mhealth-analysis/log.out
2016-09-19 10:45:33,973 - runner - INFO - started access point
2016-09-19 10:46:17,167 - runner - INFO - Starting ...
2016-09-19 10:46:17,167 - runner - INFO - Log file is /home/martin/PyCharmProjects/mhealth-analysis/log.out
2016-09-19 10:47:11,919 - runner - INFO - Starting ...
2016-09-19 10:47:11,920 - runner - INFO - Log file is /home/martin/PyCharmProjects/mhealth-analysis/log.out
2016-09-19 10:56:12,947 - runner - INFO - Starting ...
2016-09-19 10:56:12,947 - runner - INFO - Log file is /home/martin/PyCharmProjects/mhealth-analysis/log.out
2016-09-19 10:56:33,625 - runner - INFO - Starting ...
2016-09-19 10:56:33,625 - runner - INFO - Log file is /home/martin/PyCharmProjects/mhealth-analysis/log.out
2016-09-19 10:58:04,982 - runner - INFO - Starting ...
2016-09-19 10:58:04,983 - runner - INFO - Log file is /home/martin/PyCharmProjects/mhealth-analysis/log.out
2016-09-19 10:58:09,215 - runner - INFO - ... finished
2016-09-19 10:58:47,413 - runner - INFO - Starting ...
2016-09-19 10:58:47,413 - runner - INFO - Log file is /home/martin/PyCharmProjects/mhealth-analysis/log.out
2016-09-19 11:00:27,568 - runner - INFO - Starting ...
2016-09-19 11:00:27,568 - runner - INFO - Log file is /home/martin/PyCharmProjects/mhealth-analysis/log.out
2016-09-19 11:00:32,481 - runner - INFO - ... finished
2016-09-19 11:00:50,995 - runner - INFO - Starting ...
2016-09-19 11:00:50,995 - runner - INFO - Log file is /home/martin/PyCharmProjects/mhealth-analysis/log.out
2016-09-19 11:01:02,061 - runner - INFO - ... finished
2016-09-19 11:01:16,235 - runner - INFO - Starting ...
2016-09-19 11:01:16,235 - runner - INFO - Log file is /home/martin/PyCharmProjects/mhealth-analysis/log.out
2016-09-19 11:01:27,062 - runner - INFO - ... finished
2016-09-19 11:02:27,957 - runner - INFO - Starting ...
2016-09-19 11:02:27,957 - runner - INFO - Log file is /home/martin/PyCharmProjects/mhealth-analysis/log.out
2016-09-19 11:02:58,641 - runner - INFO - ... finished
2016-09-19 11:03:18,188 - runner - INFO - Starting ...
2016-09-19 11:03:18,188 - runner - INFO - Log file is /home/martin/PyCharmProjects/mhealth-analysis/log.out
2016-09-19 11:03:24,135 - runner - INFO - com.activ8rlives.mobile SSL analysis
2016-09-19 11:03:26,574 - runner - INFO - Starting ...
2016-09-19 11:03:26,575 - runner - INFO - Log file is /home/martin/PyCharmProjects/mhealth-analysis/log.out
2016-09-19 11:03:47,300 - runner - INFO - ... finished
2016-09-19 11:06:18,807 - runner - INFO - Starting ...
2016-09-19 11:06:18,807 - runner - INFO - Log file is /home/martin/PyCharmProjects/mhealth-analysis/log.out
2016-09-19 11:06:44,417 - runner - INFO - started access point
2016-09-19 11:08:08,825 - runner - INFO - Starting ...
2016-09-19 11:08:08,826 - runner - INFO - Log file is /home/martin/PyCharmProjects/mhealth-analysis/log.out
2016-09-19 11:08:38,264 - runner - INFO - Starting ...
2016-09-19 11:08:38,264 - runner - INFO - Log file is /home/martin/PyCharmProjects/mhealth-analysis/log.out
2016-09-19 11:09:02,205 - runner - INFO - Starting ...
2016-09-19 11:09:02,206 - runner - INFO - Log file is /home/martin/PyCharmProjects/mhealth-analysis/log.out
2016-09-19 11:11:28,494 - runner - INFO - Starting ...
2016-09-19 11:11:28,495 - runner - INFO - Log file is /home/martin/PyCharmProjects/mhealth-analysis/log.out
2016-09-19 11:13:50,674 - runner - INFO - Starting ...
2016-09-19 11:13:50,674 - runner - INFO - Log file is /home/martin/PyCharmProjects/mhealth-analysis/log.out
2016-09-19 11:13:54,886 - runner - INFO - Starting ...
2016-09-19 11:13:54,886 - runner - INFO - Log file is /home/martin/PyCharmProjects/mhealth-analysis/log.out
2016-09-19 11:14:14,554 - runner - INFO - Starting ...
2016-09-19 11:14:14,555 - runner - INFO - Log file is /home/martin/PyCharmProjects/mhealth-analysis/log.out
2016-09-19 11:14:41,022 - runner - INFO - Starting ...
2016-09-19 11:14:41,023 - runner - INFO - Log file is /home/martin/PyCharmProjects/mhealth-analysis/log.out
2016-09-19 11:14:41,779 - runner - INFO - started access point
2016-09-19 11:15:29,366 - runner - INFO - Starting ...
2016-09-19 11:15:29,366 - runner - INFO - Log file is /home/martin/PyCharmProjects/mhealth-analysis/log.out
2016-09-19 11:16:13,129 - runner - INFO - Starting ...
2016-09-19 11:16:13,129 - runner - INFO - Log file is /home/martin/PyCharmProjects/mhealth-analysis/log.out
2016-09-19 11:16:49,296 - runner - INFO - Starting ...
2016-09-19 11:16:49,296 - runner - INFO - Log file is /home/martin/PyCharmProjects/mhealth-analysis/log.out
2016-09-19 11:17:22,167 - runner - INFO - Starting ...
2016-09-19 11:17:22,167 - runner - INFO - Log file is /home/martin/PyCharmProjects/mhealth-analysis/log.out
2016-09-19 11:19:24,896 - runner - INFO - Starting ...
2016-09-19 11:19:24,896 - runner - INFO - Log file is /home/martin/PyCharmProjects/mhealth-analysis/log.out
2016-09-19 11:21:02,841 - runner - INFO - Starting ...
2016-09-19 11:21:02,842 - runner - INFO - Log file is /home/martin/PyCharmProjects/mhealth-analysis/log.out
2016-09-19 11:21:37,870 - runner - INFO - Starting ...
2016-09-19 11:21:37,870 - runner - INFO - Log file is /home/martin/PyCharmProjects/mhealth-analysis/log.out
2016-09-19 11:23:26,091 - runner - INFO - Starting ...
2016-09-19 11:23:26,092 - runner - INFO - Log file is /home/martin/PyCharmProjects/mhealth-analysis/log.out
2016-09-19 11:23:49,771 - runner - INFO - Starting ...
2016-09-19 11:23:49,771 - runner - INFO - Log file is /home/martin/PyCharmProjects/mhealth-analysis/log.out
2016-09-19 11:23:59,237 - runner - INFO - started access point
2016-09-19 11:24:01,289 - runner - INFO - started access point
2016-09-19 11:24:04,262 - runner - INFO - ... finished
2016-09-19 11:24:08,613 - runner - INFO - Starting ...
2016-09-19 11:24:08,613 - runner - INFO - Log file is /home/martin/PyCharmProjects/mhealth-analysis/log.out
2016-09-19 11:33:43,329 - runner - INFO - Starting ...
2016-09-19 11:33:43,329 - runner - INFO - Log file is /home/martin/PyCharmProjects/mhealth-analysis/log.out
2016-09-19 11:34:15,898 - runner - INFO - Starting ...
2016-09-19 11:34:15,898 - runner - INFO - Log file is /home/martin/PyCharmProjects/mhealth-analysis/log.out
2016-09-19 11:34:26,089 - runner - INFO - ... finished
2016-09-19 11:35:19,988 - runner - INFO - Starting ...
2016-09-19 11:35:19,988 - runner - INFO - Log file is /home/martin/PyCharmProjects/mhealth-analysis/log.out
2016-09-19 11:40:30,683 - runner - INFO - Starting ...
2016-09-19 11:40:30,684 - runner - INFO - Log file is /home/martin/PyCharmProjects/mhealth-analysis/log.out
2016-09-19 11:40:38,599 - runner - INFO - started access point
2016-09-19 11:40:55,039 - runner - INFO - Starting ...
2016-09-19 11:40:55,039 - runner - INFO - Log file is /home/martin/PyCharmProjects/mhealth-analysis/log.out
2016-09-19 11:41:21,369 - runner - INFO - ... finished
2016-09-19 11:41:22,758 - runner - INFO - Starting ...
2016-09-19 11:41:22,758 - runner - INFO - Log file is /home/martin/PyCharmProjects/mhealth-analysis/log.out
2016-09-19 11:42:02,084 - runner - INFO - Starting ...
2016-09-19 11:42:02,085 - runner - INFO - Log file is /home/martin/PyCharmProjects/mhealth-analysis/log.out
2016-09-19 11:42:12,252 - runner - INFO - ... finished
2016-09-19 11:48:06,338 - runner - INFO - Starting ...
2016-09-19 11:48:06,338 - runner - INFO - Log file is /home/martin/PyCharmProjects/mhealth-analysis/log.out
2016-09-19 11:48:30,879 - runner - INFO - ... finished
2016-09-19 11:51:45,743 - runner - INFO - Starting ...
2016-09-19 11:51:45,743 - runner - INFO - Log file is /home/martin/PyCharmProjects/mhealth-analysis/log.out
2016-09-19 11:52:16,649 - runner - INFO - started access point
2016-09-19 11:53:01,916 - runner - INFO - ... finished
2016-09-19 11:53:03,558 - runner - INFO - Starting ...
2016-09-19 11:53:03,559 - runner - INFO - Log file is /home/martin/PyCharmProjects/mhealth-analysis/log.out
2016-09-19 11:53:41,172 - runner - INFO - Starting ...
2016-09-19 11:53:41,172 - runner - INFO - Log file is /home/martin/PyCharmProjects/mhealth-analysis/log.out
2016-09-19 11:57:17,131 - runner - INFO - Starting ...
2016-09-19 11:57:17,131 - runner - INFO - Log file is /home/martin/PyCharmProjects/mhealth-analysis/log.out
2016-09-19 11:57:30,331 - runner - INFO - Starting ...
2016-09-19 11:57:30,332 - runner - INFO - Log file is /home/martin/PyCharmProjects/mhealth-analysis/log.out
2016-09-19 11:57:54,821 - runner - INFO - ... finished
2016-09-19 11:57:56,472 - runner - INFO - Starting ...
2016-09-19 11:57:56,473 - runner - INFO - Log file is /home/martin/PyCharmProjects/mhealth-analysis/log.out
2016-09-19 11:59:27,749 - runner - INFO - Starting ...
2016-09-19 11:59:27,749 - runner - INFO - Log file is /home/martin/PyCharmProjects/mhealth-analysis/log.out
2016-09-19 11:59:37,233 - runner - INFO - ... finished
2016-09-19 12:00:34,954 - runner - INFO - Starting ...
2016-09-19 12:00:34,955 - runner - INFO - Log file is /home/martin/PyCharmProjects/mhealth-analysis/log.out
2016-09-19 12:00:46,813 - runner - INFO - ... finished
2016-09-19 12:00:49,092 - runner - INFO - Starting ...
2016-09-19 12:00:49,093 - runner - INFO - Log file is /home/martin/PyCharmProjects/mhealth-analysis/log.out
2016-09-19 12:01:26,860 - runner - INFO - ... finished
2016-09-19 12:04:20,087 - runner - INFO - Starting ...
2016-09-19 12:04:20,087 - runner - INFO - Log file is /home/martin/PyCharmProjects/mhealth-analysis/log.out
2016-09-19 12:04:24,452 - runner - INFO - ... finished
2016-09-19 12:07:22,608 - runner - INFO - Starting ...
2016-09-19 12:07:22,609 - runner - INFO - Log file is /home/martin/PyCharmProjects/mhealth-analysis/log.out
2016-09-19 12:11:10,617 - runner - INFO - ... finished
2016-09-19 12:11:12,328 - runner - INFO - Starting ...
2016-09-19 12:11:12,328 - runner - INFO - Log file is /home/martin/PyCharmProjects/mhealth-analysis/log.out
2016-09-19 12:11:22,538 - runner - INFO - ... finished
2016-09-19 12:11:45,259 - runner - INFO - Starting ...
2016-09-19 12:11:45,259 - runner - INFO - Log file is /home/martin/PyCharmProjects/mhealth-analysis/log.out
2016-09-19 12:11:57,319 - runner - INFO - ... finished
